[debug] [2023-08-03T17:54:37.772Z] ----------------------------------------------------------------------
[debug] [2023-08-03T17:54:37.774Z] Command:       /home/anis/.nvm/versions/node/v18.16.1/bin/node /home/anis/.nvm/versions/node/v18.16.1/bin/firebase init hosting
[debug] [2023-08-03T17:54:37.774Z] CLI Version:   12.4.2
[debug] [2023-08-03T17:54:37.774Z] Platform:      linux
[debug] [2023-08-03T17:54:37.775Z] Node Version:  v18.16.1
[debug] [2023-08-03T17:54:37.775Z] Time:          Thu Aug 03 2023 18:54:37 GMT+0100 (Central European Standard Time)
[debug] [2023-08-03T17:54:37.775Z] ----------------------------------------------------------------------
[debug] 
[debug] [2023-08-03T17:54:37.780Z] > command requires scopes: ["email","openid","https://www.googleapis.com/auth/cloudplatformprojects.readonly","https://www.googleapis.com/auth/firebase","https://www.googleapis.com/auth/cloud-platform"]
[debug] [2023-08-03T17:54:37.781Z] > authorizing via signed-in user (anissaadi2002@gmail.com)
[info] 
     ######## #### ########  ######## ########     ###     ######  ########
     ##        ##  ##     ## ##       ##     ##  ##   ##  ##       ##
     ######    ##  ########  ######   ########  #########  ######  ######
     ##        ##  ##    ##  ##       ##     ## ##     ##       ## ##
     ##       #### ##     ## ######## ########  ##     ##  ######  ########

You're about to initialize a Firebase project in this directory:

  /home/anis/Desktop/twitter-clone

[info] 
=== Project Setup
[info] 
[info] First, let's associate this project directory with a Firebase project.
[info] You can create multiple project aliases by running firebase use --add, 
[info] but for now we'll just set up a default project.
[info] 
[info] i  If you want to create a project in a Google Cloud organization or folder, please use "firebase projects:create" instead, and return to this command when you've created the project. 
[debug] [2023-08-03T17:54:50.030Z] >>> [apiv2][query] POST https://cloudresourcemanager.googleapis.com/v1/projects [none]
[debug] [2023-08-03T17:54:50.031Z] >>> [apiv2][body] POST https://cloudresourcemanager.googleapis.com/v1/projects {"projectId":"twitter-clone","name":"twitter-clone"}
[debug] [2023-08-03T17:54:50.978Z] <<< [apiv2][status] POST https://cloudresourcemanager.googleapis.com/v1/projects 409
[debug] [2023-08-03T17:54:50.978Z] <<< [apiv2][body] POST https://cloudresourcemanager.googleapis.com/v1/projects {"error":{"code":409,"message":"Requested entity already exists","status":"ALREADY_EXISTS"}}
[debug] [2023-08-03T17:54:51.180Z] FirebaseError: HTTP Error: 409, Requested entity already exists
    at responseToError (/home/anis/.nvm/versions/node/v18.16.1/lib/node_modules/firebase-tools/lib/responseToError.js:49:12)
    at RetryOperation._fn (/home/anis/.nvm/versions/node/v18.16.1/lib/node_modules/firebase-tools/lib/apiv2.js:288:77)
    at process.processTicksAndRejections (node:internal/process/task_queues:95:5)
[error] 
[error] Error: Failed to create project because there is already a project with ID twitter-clone. Please try again with a unique project ID.
